[2023-11-25T01:40:48.565+0000] {taskinstance.py:1083} INFO - Dependencies all met for <TaskInstance: extrair_logs_airflow.extrair_logs_dag_conexao manual__2023-11-23T18:28:08.526678+00:00 [queued]>
[2023-11-25T01:40:48.577+0000] {taskinstance.py:1083} INFO - Dependencies all met for <TaskInstance: extrair_logs_airflow.extrair_logs_dag_conexao manual__2023-11-23T18:28:08.526678+00:00 [queued]>
[2023-11-25T01:40:48.577+0000] {taskinstance.py:1279} INFO - 
--------------------------------------------------------------------------------
[2023-11-25T01:40:48.577+0000] {taskinstance.py:1280} INFO - Starting attempt 4 of 5
[2023-11-25T01:40:48.578+0000] {taskinstance.py:1281} INFO - 
--------------------------------------------------------------------------------
[2023-11-25T01:40:48.594+0000] {taskinstance.py:1300} INFO - Executing <Task(PythonOperator): extrair_logs_dag_conexao> on 2023-11-23 18:28:08.526678+00:00
[2023-11-25T01:40:48.602+0000] {standard_task_runner.py:55} INFO - Started process 1099 to run task
[2023-11-25T01:40:48.606+0000] {standard_task_runner.py:82} INFO - Running: ['***', 'tasks', 'run', 'extrair_logs_***', 'extrair_logs_dag_conexao', 'manual__2023-11-23T18:28:08.526678+00:00', '--job-id', '52', '--raw', '--subdir', 'DAGS_FOLDER/get_dags_inventary.py', '--cfg-path', '/tmp/tmpvb7tg0w1']
[2023-11-25T01:40:48.608+0000] {standard_task_runner.py:83} INFO - Job 52: Subtask extrair_logs_dag_conexao
[2023-11-25T01:40:48.681+0000] {task_command.py:388} INFO - Running <TaskInstance: extrair_logs_airflow.extrair_logs_dag_conexao manual__2023-11-23T18:28:08.526678+00:00 [running]> on host 5866d4b0dac1
[2023-11-25T01:40:48.773+0000] {taskinstance.py:1509} INFO - Exporting the following env vars:
AIRFLOW_CTX_DAG_OWNER=***
AIRFLOW_CTX_DAG_ID=extrair_logs_***
AIRFLOW_CTX_TASK_ID=extrair_logs_dag_conexao
AIRFLOW_CTX_EXECUTION_DATE=2023-11-23T18:28:08.526678+00:00
AIRFLOW_CTX_TRY_NUMBER=4
AIRFLOW_CTX_DAG_RUN_ID=manual__2023-11-23T18:28:08.526678+00:00
[2023-11-25T01:40:48.777+0000] {python.py:177} INFO - Done. Returned value was: None
[2023-11-25T01:40:48.788+0000] {taskinstance.py:1323} INFO - Marking task as SUCCESS. dag_id=extrair_logs_***, task_id=extrair_logs_dag_conexao, execution_date=20231123T182808, start_date=20231125T014048, end_date=20231125T014048
[2023-11-25T01:40:48.818+0000] {local_task_job.py:208} INFO - Task exited with return code 0
[2023-11-25T01:40:48.847+0000] {taskinstance.py:2578} INFO - 2 downstream tasks scheduled from follow-on schedule check
