[2023-11-25T15:54:26.251+0000] {taskinstance.py:1083} INFO - Dependencies all met for <TaskInstance: extrair_logs_airflow.concatenate_logs_task manual__2023-11-25T15:54:22.417717+00:00 [queued]>
[2023-11-25T15:54:26.262+0000] {taskinstance.py:1083} INFO - Dependencies all met for <TaskInstance: extrair_logs_airflow.concatenate_logs_task manual__2023-11-25T15:54:22.417717+00:00 [queued]>
[2023-11-25T15:54:26.263+0000] {taskinstance.py:1279} INFO - 
--------------------------------------------------------------------------------
[2023-11-25T15:54:26.263+0000] {taskinstance.py:1280} INFO - Starting attempt 1 of 2
[2023-11-25T15:54:26.263+0000] {taskinstance.py:1281} INFO - 
--------------------------------------------------------------------------------
[2023-11-25T15:54:26.283+0000] {taskinstance.py:1300} INFO - Executing <Task(PythonOperator): concatenate_logs_task> on 2023-11-25 15:54:22.417717+00:00
[2023-11-25T15:54:26.291+0000] {standard_task_runner.py:55} INFO - Started process 656 to run task
[2023-11-25T15:54:26.296+0000] {standard_task_runner.py:82} INFO - Running: ['***', 'tasks', 'run', 'extrair_logs_***', 'concatenate_logs_task', 'manual__2023-11-25T15:54:22.417717+00:00', '--job-id', '60', '--raw', '--subdir', 'DAGS_FOLDER/get_logs_inventary.py', '--cfg-path', '/tmp/tmpgpi4pdpi']
[2023-11-25T15:54:26.299+0000] {standard_task_runner.py:83} INFO - Job 60: Subtask concatenate_logs_task
[2023-11-25T15:54:26.374+0000] {task_command.py:388} INFO - Running <TaskInstance: extrair_logs_airflow.concatenate_logs_task manual__2023-11-25T15:54:22.417717+00:00 [running]> on host fb700c4c4032
[2023-11-25T15:54:26.469+0000] {taskinstance.py:1509} INFO - Exporting the following env vars:
AIRFLOW_CTX_DAG_OWNER=***
AIRFLOW_CTX_DAG_ID=extrair_logs_***
AIRFLOW_CTX_TASK_ID=concatenate_logs_task
AIRFLOW_CTX_EXECUTION_DATE=2023-11-25T15:54:22.417717+00:00
AIRFLOW_CTX_TRY_NUMBER=1
AIRFLOW_CTX_DAG_RUN_ID=manual__2023-11-25T15:54:22.417717+00:00
[2023-11-25T15:54:26.489+0000] {python.py:177} INFO - Done. Returned value was: None
[2023-11-25T15:54:26.512+0000] {taskinstance.py:1323} INFO - Marking task as SUCCESS. dag_id=extrair_logs_***, task_id=concatenate_logs_task, execution_date=20231125T155422, start_date=20231125T155426, end_date=20231125T155426
[2023-11-25T15:54:26.589+0000] {local_task_job.py:208} INFO - Task exited with return code 0
[2023-11-25T15:54:26.648+0000] {taskinstance.py:2578} INFO - 1 downstream tasks scheduled from follow-on schedule check
