[2023-11-25T01:41:04.758+0000] {taskinstance.py:1083} INFO - Dependencies all met for <TaskInstance: extrair_logs_airflow.process_logs_dag_conexao manual__2023-11-23T18:28:08.526678+00:00 [queued]>
[2023-11-25T01:41:04.773+0000] {taskinstance.py:1083} INFO - Dependencies all met for <TaskInstance: extrair_logs_airflow.process_logs_dag_conexao manual__2023-11-23T18:28:08.526678+00:00 [queued]>
[2023-11-25T01:41:04.773+0000] {taskinstance.py:1279} INFO - 
--------------------------------------------------------------------------------
[2023-11-25T01:41:04.773+0000] {taskinstance.py:1280} INFO - Starting attempt 4 of 5
[2023-11-25T01:41:04.773+0000] {taskinstance.py:1281} INFO - 
--------------------------------------------------------------------------------
[2023-11-25T01:41:04.794+0000] {taskinstance.py:1300} INFO - Executing <Task(PythonOperator): process_logs_dag_conexao> on 2023-11-23 18:28:08.526678+00:00
[2023-11-25T01:41:04.803+0000] {standard_task_runner.py:55} INFO - Started process 1116 to run task
[2023-11-25T01:41:04.808+0000] {standard_task_runner.py:82} INFO - Running: ['***', 'tasks', 'run', 'extrair_logs_***', 'process_logs_dag_conexao', 'manual__2023-11-23T18:28:08.526678+00:00', '--job-id', '53', '--raw', '--subdir', 'DAGS_FOLDER/get_dags_inventary.py', '--cfg-path', '/tmp/tmpklz2jdv9']
[2023-11-25T01:41:04.810+0000] {standard_task_runner.py:83} INFO - Job 53: Subtask process_logs_dag_conexao
[2023-11-25T01:41:04.909+0000] {task_command.py:388} INFO - Running <TaskInstance: extrair_logs_airflow.process_logs_dag_conexao manual__2023-11-23T18:28:08.526678+00:00 [running]> on host 5866d4b0dac1
[2023-11-25T01:41:05.012+0000] {taskinstance.py:1509} INFO - Exporting the following env vars:
AIRFLOW_CTX_DAG_OWNER=***
AIRFLOW_CTX_DAG_ID=extrair_logs_***
AIRFLOW_CTX_TASK_ID=process_logs_dag_conexao
AIRFLOW_CTX_EXECUTION_DATE=2023-11-23T18:28:08.526678+00:00
AIRFLOW_CTX_TRY_NUMBER=4
AIRFLOW_CTX_DAG_RUN_ID=manual__2023-11-23T18:28:08.526678+00:00
[2023-11-25T01:41:09.732+0000] {python.py:177} INFO - Done. Returned value was: None
[2023-11-25T01:41:09.744+0000] {taskinstance.py:1323} INFO - Marking task as SUCCESS. dag_id=extrair_logs_***, task_id=process_logs_dag_conexao, execution_date=20231123T182808, start_date=20231125T014104, end_date=20231125T014109
[2023-11-25T01:41:09.806+0000] {local_task_job.py:208} INFO - Task exited with return code 0
[2023-11-25T01:41:09.851+0000] {taskinstance.py:2578} INFO - 0 downstream tasks scheduled from follow-on schedule check
