[2023-11-25T12:53:49.565+0000] {processor.py:153} INFO - Started process (PID=169) to work on /opt/airflow/dags/get_dags_inventary.py
[2023-11-25T12:53:49.565+0000] {processor.py:743} INFO - Processing file /opt/airflow/dags/get_dags_inventary.py for tasks to queue
[2023-11-25T12:53:49.566+0000] {logging_mixin.py:137} INFO - [2023-11-25T12:53:49.566+0000] {dagbag.py:538} INFO - Filling up the DagBag from /opt/airflow/dags/get_dags_inventary.py
[2023-11-25T12:54:04.137+0000] {logging_mixin.py:137} INFO - [2023-11-25T12:54:04.076+0000] {dagbag.py:343} ERROR - Failed to import: /opt/airflow/dags/get_dags_inventary.py
Traceback (most recent call last):
  File "/home/airflow/.local/lib/python3.7/site-packages/airflow/models/dagbag.py", line 339, in parse
    loader.exec_module(new_module)
  File "<frozen importlib._bootstrap_external>", line 728, in exec_module
  File "<frozen importlib._bootstrap>", line 219, in _call_with_frames_removed
  File "/opt/airflow/dags/get_dags_inventary.py", line 76, in <module>
    process_logs('/opt/airflow/data/raw/*.log', '/opt/airflow/data/trusted/df_dags_inventary_all.csv')
  File "/opt/airflow/dags/get_dags_inventary.py", line 55, in process_logs
    with open(file_name, 'r') as file:
FileNotFoundError: [Errno 2] No such file or directory: '/opt/airflow/data/raw/task_id=extrair_logs_dag_conexao.log'
[2023-11-25T12:54:04.259+0000] {processor.py:755} WARNING - No viable dags retrieved from /opt/airflow/dags/get_dags_inventary.py
[2023-11-25T12:54:04.294+0000] {processor.py:175} INFO - Processing /opt/airflow/dags/get_dags_inventary.py took 14.731 seconds
[2023-11-25T12:54:39.552+0000] {processor.py:153} INFO - Started process (PID=208) to work on /opt/airflow/dags/get_dags_inventary.py
[2023-11-25T12:54:39.561+0000] {processor.py:743} INFO - Processing file /opt/airflow/dags/get_dags_inventary.py for tasks to queue
[2023-11-25T12:54:39.579+0000] {logging_mixin.py:137} INFO - [2023-11-25T12:54:39.574+0000] {dagbag.py:538} INFO - Filling up the DagBag from /opt/airflow/dags/get_dags_inventary.py
[2023-11-25T12:54:49.108+0000] {processor.py:753} INFO - DAG(s) dict_keys(['extrair_logs_airflow']) retrieved from /opt/airflow/dags/get_dags_inventary.py
[2023-11-25T12:54:49.165+0000] {logging_mixin.py:137} INFO - [2023-11-25T12:54:49.164+0000] {dag.py:2690} INFO - Sync 1 DAGs
[2023-11-25T12:54:49.226+0000] {logging_mixin.py:137} INFO - [2023-11-25T12:54:49.225+0000] {dag.py:3441} INFO - Setting next_dagrun for extrair_logs_airflow to None, run_after=None
[2023-11-25T12:54:49.277+0000] {processor.py:175} INFO - Processing /opt/airflow/dags/get_dags_inventary.py took 9.966 seconds
[2023-11-25T12:55:19.385+0000] {processor.py:153} INFO - Started process (PID=249) to work on /opt/airflow/dags/get_dags_inventary.py
[2023-11-25T12:55:19.386+0000] {processor.py:743} INFO - Processing file /opt/airflow/dags/get_dags_inventary.py for tasks to queue
[2023-11-25T12:55:19.386+0000] {logging_mixin.py:137} INFO - [2023-11-25T12:55:19.386+0000] {dagbag.py:538} INFO - Filling up the DagBag from /opt/airflow/dags/get_dags_inventary.py
[2023-11-25T12:55:19.641+0000] {processor.py:753} INFO - DAG(s) dict_keys(['extrair_logs_airflow']) retrieved from /opt/airflow/dags/get_dags_inventary.py
[2023-11-25T12:55:19.662+0000] {logging_mixin.py:137} INFO - [2023-11-25T12:55:19.662+0000] {dag.py:2690} INFO - Sync 1 DAGs
[2023-11-25T12:55:19.689+0000] {logging_mixin.py:137} INFO - [2023-11-25T12:55:19.689+0000] {dag.py:3441} INFO - Setting next_dagrun for extrair_logs_airflow to None, run_after=None
[2023-11-25T12:55:19.711+0000] {processor.py:175} INFO - Processing /opt/airflow/dags/get_dags_inventary.py took 0.329 seconds
[2023-11-25T12:55:29.460+0000] {processor.py:153} INFO - Started process (PID=260) to work on /opt/airflow/dags/get_dags_inventary.py
[2023-11-25T12:55:29.462+0000] {processor.py:743} INFO - Processing file /opt/airflow/dags/get_dags_inventary.py for tasks to queue
[2023-11-25T12:55:29.463+0000] {logging_mixin.py:137} INFO - [2023-11-25T12:55:29.463+0000] {dagbag.py:538} INFO - Filling up the DagBag from /opt/airflow/dags/get_dags_inventary.py
[2023-11-25T12:55:29.884+0000] {processor.py:753} INFO - DAG(s) dict_keys(['extrair_logs_airflow']) retrieved from /opt/airflow/dags/get_dags_inventary.py
[2023-11-25T12:55:33.441+0000] {logging_mixin.py:137} INFO - [2023-11-25T12:55:33.440+0000] {dag.py:2690} INFO - Sync 1 DAGs
[2023-11-25T12:55:33.488+0000] {logging_mixin.py:137} INFO - [2023-11-25T12:55:33.487+0000] {dag.py:3441} INFO - Setting next_dagrun for extrair_logs_airflow to None, run_after=None
[2023-11-25T12:55:33.521+0000] {processor.py:175} INFO - Processing /opt/airflow/dags/get_dags_inventary.py took 4.066 seconds
[2023-11-25T12:56:03.656+0000] {processor.py:153} INFO - Started process (PID=289) to work on /opt/airflow/dags/get_dags_inventary.py
[2023-11-25T12:56:03.660+0000] {processor.py:743} INFO - Processing file /opt/airflow/dags/get_dags_inventary.py for tasks to queue
[2023-11-25T12:56:03.661+0000] {logging_mixin.py:137} INFO - [2023-11-25T12:56:03.660+0000] {dagbag.py:538} INFO - Filling up the DagBag from /opt/airflow/dags/get_dags_inventary.py
[2023-11-25T12:56:04.282+0000] {processor.py:753} INFO - DAG(s) dict_keys(['extrair_logs_airflow']) retrieved from /opt/airflow/dags/get_dags_inventary.py
[2023-11-25T12:56:04.316+0000] {logging_mixin.py:137} INFO - [2023-11-25T12:56:04.315+0000] {dag.py:2690} INFO - Sync 1 DAGs
[2023-11-25T12:56:04.360+0000] {logging_mixin.py:137} INFO - [2023-11-25T12:56:04.360+0000] {dag.py:3441} INFO - Setting next_dagrun for extrair_logs_airflow to None, run_after=None
[2023-11-25T12:56:04.386+0000] {processor.py:175} INFO - Processing /opt/airflow/dags/get_dags_inventary.py took 0.746 seconds
[2023-11-25T12:56:34.522+0000] {processor.py:153} INFO - Started process (PID=328) to work on /opt/airflow/dags/get_dags_inventary.py
[2023-11-25T12:56:34.522+0000] {processor.py:743} INFO - Processing file /opt/airflow/dags/get_dags_inventary.py for tasks to queue
[2023-11-25T12:56:34.523+0000] {logging_mixin.py:137} INFO - [2023-11-25T12:56:34.523+0000] {dagbag.py:538} INFO - Filling up the DagBag from /opt/airflow/dags/get_dags_inventary.py
[2023-11-25T12:56:34.790+0000] {processor.py:753} INFO - DAG(s) dict_keys(['extrair_logs_airflow']) retrieved from /opt/airflow/dags/get_dags_inventary.py
[2023-11-25T12:56:34.814+0000] {logging_mixin.py:137} INFO - [2023-11-25T12:56:34.813+0000] {dag.py:2690} INFO - Sync 1 DAGs
[2023-11-25T12:56:34.855+0000] {logging_mixin.py:137} INFO - [2023-11-25T12:56:34.855+0000] {dag.py:3441} INFO - Setting next_dagrun for extrair_logs_airflow to None, run_after=None
[2023-11-25T12:56:34.886+0000] {processor.py:175} INFO - Processing /opt/airflow/dags/get_dags_inventary.py took 0.367 seconds
[2023-11-25T12:57:05.006+0000] {processor.py:153} INFO - Started process (PID=354) to work on /opt/airflow/dags/get_dags_inventary.py
[2023-11-25T12:57:05.007+0000] {processor.py:743} INFO - Processing file /opt/airflow/dags/get_dags_inventary.py for tasks to queue
[2023-11-25T12:57:05.007+0000] {logging_mixin.py:137} INFO - [2023-11-25T12:57:05.007+0000] {dagbag.py:538} INFO - Filling up the DagBag from /opt/airflow/dags/get_dags_inventary.py
[2023-11-25T12:57:05.280+0000] {processor.py:753} INFO - DAG(s) dict_keys(['extrair_logs_airflow']) retrieved from /opt/airflow/dags/get_dags_inventary.py
[2023-11-25T12:57:05.319+0000] {logging_mixin.py:137} INFO - [2023-11-25T12:57:05.319+0000] {dag.py:2690} INFO - Sync 1 DAGs
[2023-11-25T12:57:05.359+0000] {logging_mixin.py:137} INFO - [2023-11-25T12:57:05.359+0000] {dag.py:3441} INFO - Setting next_dagrun for extrair_logs_airflow to None, run_after=None
[2023-11-25T12:57:05.387+0000] {processor.py:175} INFO - Processing /opt/airflow/dags/get_dags_inventary.py took 0.384 seconds
[2023-11-25T12:57:35.515+0000] {processor.py:153} INFO - Started process (PID=380) to work on /opt/airflow/dags/get_dags_inventary.py
[2023-11-25T12:57:35.516+0000] {processor.py:743} INFO - Processing file /opt/airflow/dags/get_dags_inventary.py for tasks to queue
[2023-11-25T12:57:35.516+0000] {logging_mixin.py:137} INFO - [2023-11-25T12:57:35.516+0000] {dagbag.py:538} INFO - Filling up the DagBag from /opt/airflow/dags/get_dags_inventary.py
[2023-11-25T12:57:35.743+0000] {processor.py:753} INFO - DAG(s) dict_keys(['extrair_logs_airflow']) retrieved from /opt/airflow/dags/get_dags_inventary.py
[2023-11-25T12:57:35.761+0000] {logging_mixin.py:137} INFO - [2023-11-25T12:57:35.761+0000] {dag.py:2690} INFO - Sync 1 DAGs
[2023-11-25T12:57:35.784+0000] {logging_mixin.py:137} INFO - [2023-11-25T12:57:35.784+0000] {dag.py:3441} INFO - Setting next_dagrun for extrair_logs_airflow to None, run_after=None
[2023-11-25T12:57:35.802+0000] {processor.py:175} INFO - Processing /opt/airflow/dags/get_dags_inventary.py took 0.290 seconds
[2023-11-25T12:58:05.923+0000] {processor.py:153} INFO - Started process (PID=418) to work on /opt/airflow/dags/get_dags_inventary.py
[2023-11-25T12:58:05.924+0000] {processor.py:743} INFO - Processing file /opt/airflow/dags/get_dags_inventary.py for tasks to queue
[2023-11-25T12:58:05.925+0000] {logging_mixin.py:137} INFO - [2023-11-25T12:58:05.925+0000] {dagbag.py:538} INFO - Filling up the DagBag from /opt/airflow/dags/get_dags_inventary.py
[2023-11-25T12:58:06.151+0000] {processor.py:753} INFO - DAG(s) dict_keys(['extrair_logs_airflow']) retrieved from /opt/airflow/dags/get_dags_inventary.py
[2023-11-25T12:58:06.169+0000] {logging_mixin.py:137} INFO - [2023-11-25T12:58:06.169+0000] {dag.py:2690} INFO - Sync 1 DAGs
[2023-11-25T12:58:06.192+0000] {logging_mixin.py:137} INFO - [2023-11-25T12:58:06.192+0000] {dag.py:3441} INFO - Setting next_dagrun for extrair_logs_airflow to None, run_after=None
[2023-11-25T12:58:06.210+0000] {processor.py:175} INFO - Processing /opt/airflow/dags/get_dags_inventary.py took 0.289 seconds
[2023-11-25T12:58:36.330+0000] {processor.py:153} INFO - Started process (PID=444) to work on /opt/airflow/dags/get_dags_inventary.py
[2023-11-25T12:58:36.331+0000] {processor.py:743} INFO - Processing file /opt/airflow/dags/get_dags_inventary.py for tasks to queue
[2023-11-25T12:58:36.332+0000] {logging_mixin.py:137} INFO - [2023-11-25T12:58:36.332+0000] {dagbag.py:538} INFO - Filling up the DagBag from /opt/airflow/dags/get_dags_inventary.py
[2023-11-25T12:58:36.571+0000] {processor.py:753} INFO - DAG(s) dict_keys(['extrair_logs_airflow']) retrieved from /opt/airflow/dags/get_dags_inventary.py
[2023-11-25T12:58:36.594+0000] {logging_mixin.py:137} INFO - [2023-11-25T12:58:36.593+0000] {dag.py:2690} INFO - Sync 1 DAGs
[2023-11-25T12:58:36.632+0000] {logging_mixin.py:137} INFO - [2023-11-25T12:58:36.632+0000] {dag.py:3441} INFO - Setting next_dagrun for extrair_logs_airflow to None, run_after=None
[2023-11-25T12:58:36.658+0000] {processor.py:175} INFO - Processing /opt/airflow/dags/get_dags_inventary.py took 0.330 seconds
[2023-11-25T12:59:06.792+0000] {processor.py:153} INFO - Started process (PID=482) to work on /opt/airflow/dags/get_dags_inventary.py
[2023-11-25T12:59:06.793+0000] {processor.py:743} INFO - Processing file /opt/airflow/dags/get_dags_inventary.py for tasks to queue
[2023-11-25T12:59:06.794+0000] {logging_mixin.py:137} INFO - [2023-11-25T12:59:06.793+0000] {dagbag.py:538} INFO - Filling up the DagBag from /opt/airflow/dags/get_dags_inventary.py
[2023-11-25T12:59:07.087+0000] {processor.py:753} INFO - DAG(s) dict_keys(['extrair_logs_airflow']) retrieved from /opt/airflow/dags/get_dags_inventary.py
[2023-11-25T12:59:07.114+0000] {logging_mixin.py:137} INFO - [2023-11-25T12:59:07.113+0000] {dag.py:2690} INFO - Sync 1 DAGs
[2023-11-25T12:59:07.145+0000] {logging_mixin.py:137} INFO - [2023-11-25T12:59:07.144+0000] {dag.py:3441} INFO - Setting next_dagrun for extrair_logs_airflow to None, run_after=None
[2023-11-25T12:59:07.162+0000] {processor.py:175} INFO - Processing /opt/airflow/dags/get_dags_inventary.py took 0.373 seconds
[2023-11-25T12:59:37.286+0000] {processor.py:153} INFO - Started process (PID=508) to work on /opt/airflow/dags/get_dags_inventary.py
[2023-11-25T12:59:37.286+0000] {processor.py:743} INFO - Processing file /opt/airflow/dags/get_dags_inventary.py for tasks to queue
[2023-11-25T12:59:37.287+0000] {logging_mixin.py:137} INFO - [2023-11-25T12:59:37.287+0000] {dagbag.py:538} INFO - Filling up the DagBag from /opt/airflow/dags/get_dags_inventary.py
[2023-11-25T12:59:37.533+0000] {processor.py:753} INFO - DAG(s) dict_keys(['extrair_logs_airflow']) retrieved from /opt/airflow/dags/get_dags_inventary.py
[2023-11-25T12:59:37.552+0000] {logging_mixin.py:137} INFO - [2023-11-25T12:59:37.552+0000] {dag.py:2690} INFO - Sync 1 DAGs
[2023-11-25T12:59:37.579+0000] {logging_mixin.py:137} INFO - [2023-11-25T12:59:37.579+0000] {dag.py:3441} INFO - Setting next_dagrun for extrair_logs_airflow to None, run_after=None
[2023-11-25T12:59:37.602+0000] {processor.py:175} INFO - Processing /opt/airflow/dags/get_dags_inventary.py took 0.319 seconds
[2023-11-25T13:00:07.725+0000] {processor.py:153} INFO - Started process (PID=543) to work on /opt/airflow/dags/get_dags_inventary.py
[2023-11-25T13:00:07.725+0000] {processor.py:743} INFO - Processing file /opt/airflow/dags/get_dags_inventary.py for tasks to queue
[2023-11-25T13:00:07.726+0000] {logging_mixin.py:137} INFO - [2023-11-25T13:00:07.726+0000] {dagbag.py:538} INFO - Filling up the DagBag from /opt/airflow/dags/get_dags_inventary.py
[2023-11-25T13:00:08.013+0000] {processor.py:753} INFO - DAG(s) dict_keys(['extrair_logs_airflow']) retrieved from /opt/airflow/dags/get_dags_inventary.py
[2023-11-25T13:00:08.038+0000] {logging_mixin.py:137} INFO - [2023-11-25T13:00:08.037+0000] {dag.py:2690} INFO - Sync 1 DAGs
[2023-11-25T13:00:08.078+0000] {logging_mixin.py:137} INFO - [2023-11-25T13:00:08.077+0000] {dag.py:3441} INFO - Setting next_dagrun for extrair_logs_airflow to None, run_after=None
[2023-11-25T13:00:08.101+0000] {processor.py:175} INFO - Processing /opt/airflow/dags/get_dags_inventary.py took 0.379 seconds
[2023-11-25T13:00:38.224+0000] {processor.py:153} INFO - Started process (PID=572) to work on /opt/airflow/dags/get_dags_inventary.py
[2023-11-25T13:00:38.225+0000] {processor.py:743} INFO - Processing file /opt/airflow/dags/get_dags_inventary.py for tasks to queue
[2023-11-25T13:00:38.225+0000] {logging_mixin.py:137} INFO - [2023-11-25T13:00:38.225+0000] {dagbag.py:538} INFO - Filling up the DagBag from /opt/airflow/dags/get_dags_inventary.py
[2023-11-25T13:00:38.470+0000] {processor.py:753} INFO - DAG(s) dict_keys(['extrair_logs_airflow']) retrieved from /opt/airflow/dags/get_dags_inventary.py
[2023-11-25T13:00:38.489+0000] {logging_mixin.py:137} INFO - [2023-11-25T13:00:38.488+0000] {dag.py:2690} INFO - Sync 1 DAGs
[2023-11-25T13:00:38.511+0000] {logging_mixin.py:137} INFO - [2023-11-25T13:00:38.511+0000] {dag.py:3441} INFO - Setting next_dagrun for extrair_logs_airflow to None, run_after=None
[2023-11-25T13:00:38.530+0000] {processor.py:175} INFO - Processing /opt/airflow/dags/get_dags_inventary.py took 0.309 seconds
[2023-11-25T13:01:08.658+0000] {processor.py:153} INFO - Started process (PID=598) to work on /opt/airflow/dags/get_dags_inventary.py
[2023-11-25T13:01:08.659+0000] {processor.py:743} INFO - Processing file /opt/airflow/dags/get_dags_inventary.py for tasks to queue
[2023-11-25T13:01:08.659+0000] {logging_mixin.py:137} INFO - [2023-11-25T13:01:08.659+0000] {dagbag.py:538} INFO - Filling up the DagBag from /opt/airflow/dags/get_dags_inventary.py
[2023-11-25T13:01:08.911+0000] {processor.py:753} INFO - DAG(s) dict_keys(['extrair_logs_airflow']) retrieved from /opt/airflow/dags/get_dags_inventary.py
[2023-11-25T13:01:08.930+0000] {logging_mixin.py:137} INFO - [2023-11-25T13:01:08.930+0000] {dag.py:2690} INFO - Sync 1 DAGs
[2023-11-25T13:01:08.953+0000] {logging_mixin.py:137} INFO - [2023-11-25T13:01:08.953+0000] {dag.py:3441} INFO - Setting next_dagrun for extrair_logs_airflow to None, run_after=None
[2023-11-25T13:01:08.975+0000] {processor.py:175} INFO - Processing /opt/airflow/dags/get_dags_inventary.py took 0.320 seconds
[2023-11-25T13:01:39.093+0000] {processor.py:153} INFO - Started process (PID=636) to work on /opt/airflow/dags/get_dags_inventary.py
[2023-11-25T13:01:39.093+0000] {processor.py:743} INFO - Processing file /opt/airflow/dags/get_dags_inventary.py for tasks to queue
[2023-11-25T13:01:39.094+0000] {logging_mixin.py:137} INFO - [2023-11-25T13:01:39.094+0000] {dagbag.py:538} INFO - Filling up the DagBag from /opt/airflow/dags/get_dags_inventary.py
[2023-11-25T13:01:39.336+0000] {processor.py:753} INFO - DAG(s) dict_keys(['extrair_logs_airflow']) retrieved from /opt/airflow/dags/get_dags_inventary.py
[2023-11-25T13:01:39.356+0000] {logging_mixin.py:137} INFO - [2023-11-25T13:01:39.356+0000] {dag.py:2690} INFO - Sync 1 DAGs
[2023-11-25T13:01:39.381+0000] {logging_mixin.py:137} INFO - [2023-11-25T13:01:39.381+0000] {dag.py:3441} INFO - Setting next_dagrun for extrair_logs_airflow to None, run_after=None
[2023-11-25T13:01:39.400+0000] {processor.py:175} INFO - Processing /opt/airflow/dags/get_dags_inventary.py took 0.310 seconds
[2023-11-25T13:02:09.537+0000] {processor.py:153} INFO - Started process (PID=662) to work on /opt/airflow/dags/get_dags_inventary.py
[2023-11-25T13:02:09.538+0000] {processor.py:743} INFO - Processing file /opt/airflow/dags/get_dags_inventary.py for tasks to queue
[2023-11-25T13:02:09.539+0000] {logging_mixin.py:137} INFO - [2023-11-25T13:02:09.539+0000] {dagbag.py:538} INFO - Filling up the DagBag from /opt/airflow/dags/get_dags_inventary.py
[2023-11-25T13:02:09.849+0000] {processor.py:753} INFO - DAG(s) dict_keys(['extrair_logs_airflow']) retrieved from /opt/airflow/dags/get_dags_inventary.py
[2023-11-25T13:02:09.868+0000] {logging_mixin.py:137} INFO - [2023-11-25T13:02:09.868+0000] {dag.py:2690} INFO - Sync 1 DAGs
[2023-11-25T13:02:09.892+0000] {logging_mixin.py:137} INFO - [2023-11-25T13:02:09.892+0000] {dag.py:3441} INFO - Setting next_dagrun for extrair_logs_airflow to None, run_after=None
[2023-11-25T13:02:09.910+0000] {processor.py:175} INFO - Processing /opt/airflow/dags/get_dags_inventary.py took 0.375 seconds
[2023-11-25T13:02:40.036+0000] {processor.py:153} INFO - Started process (PID=697) to work on /opt/airflow/dags/get_dags_inventary.py
[2023-11-25T13:02:40.037+0000] {processor.py:743} INFO - Processing file /opt/airflow/dags/get_dags_inventary.py for tasks to queue
[2023-11-25T13:02:40.037+0000] {logging_mixin.py:137} INFO - [2023-11-25T13:02:40.037+0000] {dagbag.py:538} INFO - Filling up the DagBag from /opt/airflow/dags/get_dags_inventary.py
[2023-11-25T13:02:40.300+0000] {processor.py:753} INFO - DAG(s) dict_keys(['extrair_logs_airflow']) retrieved from /opt/airflow/dags/get_dags_inventary.py
[2023-11-25T13:02:40.319+0000] {logging_mixin.py:137} INFO - [2023-11-25T13:02:40.318+0000] {dag.py:2690} INFO - Sync 1 DAGs
[2023-11-25T13:02:40.347+0000] {logging_mixin.py:137} INFO - [2023-11-25T13:02:40.347+0000] {dag.py:3441} INFO - Setting next_dagrun for extrair_logs_airflow to None, run_after=None
[2023-11-25T13:02:40.368+0000] {processor.py:175} INFO - Processing /opt/airflow/dags/get_dags_inventary.py took 0.335 seconds
[2023-11-25T13:03:10.490+0000] {processor.py:153} INFO - Started process (PID=726) to work on /opt/airflow/dags/get_dags_inventary.py
[2023-11-25T13:03:10.491+0000] {processor.py:743} INFO - Processing file /opt/airflow/dags/get_dags_inventary.py for tasks to queue
[2023-11-25T13:03:10.491+0000] {logging_mixin.py:137} INFO - [2023-11-25T13:03:10.491+0000] {dagbag.py:538} INFO - Filling up the DagBag from /opt/airflow/dags/get_dags_inventary.py
[2023-11-25T13:03:10.740+0000] {processor.py:753} INFO - DAG(s) dict_keys(['extrair_logs_airflow']) retrieved from /opt/airflow/dags/get_dags_inventary.py
[2023-11-25T13:03:10.763+0000] {logging_mixin.py:137} INFO - [2023-11-25T13:03:10.762+0000] {dag.py:2690} INFO - Sync 1 DAGs
[2023-11-25T13:03:10.799+0000] {logging_mixin.py:137} INFO - [2023-11-25T13:03:10.799+0000] {dag.py:3441} INFO - Setting next_dagrun for extrair_logs_airflow to None, run_after=None
[2023-11-25T13:03:10.820+0000] {processor.py:175} INFO - Processing /opt/airflow/dags/get_dags_inventary.py took 0.333 seconds
[2023-11-25T13:03:40.956+0000] {processor.py:153} INFO - Started process (PID=752) to work on /opt/airflow/dags/get_dags_inventary.py
[2023-11-25T13:03:40.959+0000] {processor.py:743} INFO - Processing file /opt/airflow/dags/get_dags_inventary.py for tasks to queue
[2023-11-25T13:03:40.961+0000] {logging_mixin.py:137} INFO - [2023-11-25T13:03:40.960+0000] {dagbag.py:538} INFO - Filling up the DagBag from /opt/airflow/dags/get_dags_inventary.py
[2023-11-25T13:03:41.285+0000] {processor.py:753} INFO - DAG(s) dict_keys(['extrair_logs_airflow']) retrieved from /opt/airflow/dags/get_dags_inventary.py
[2023-11-25T13:03:41.304+0000] {logging_mixin.py:137} INFO - [2023-11-25T13:03:41.304+0000] {dag.py:2690} INFO - Sync 1 DAGs
[2023-11-25T13:03:41.331+0000] {logging_mixin.py:137} INFO - [2023-11-25T13:03:41.330+0000] {dag.py:3441} INFO - Setting next_dagrun for extrair_logs_airflow to None, run_after=None
[2023-11-25T13:03:41.350+0000] {processor.py:175} INFO - Processing /opt/airflow/dags/get_dags_inventary.py took 0.398 seconds
[2023-11-25T13:04:11.498+0000] {processor.py:153} INFO - Started process (PID=790) to work on /opt/airflow/dags/get_dags_inventary.py
[2023-11-25T13:04:11.500+0000] {processor.py:743} INFO - Processing file /opt/airflow/dags/get_dags_inventary.py for tasks to queue
[2023-11-25T13:04:11.501+0000] {logging_mixin.py:137} INFO - [2023-11-25T13:04:11.501+0000] {dagbag.py:538} INFO - Filling up the DagBag from /opt/airflow/dags/get_dags_inventary.py
[2023-11-25T13:04:11.940+0000] {processor.py:753} INFO - DAG(s) dict_keys(['extrair_logs_airflow']) retrieved from /opt/airflow/dags/get_dags_inventary.py
[2023-11-25T13:04:11.987+0000] {logging_mixin.py:137} INFO - [2023-11-25T13:04:11.986+0000] {dag.py:2690} INFO - Sync 1 DAGs
[2023-11-25T13:04:12.047+0000] {logging_mixin.py:137} INFO - [2023-11-25T13:04:12.047+0000] {dag.py:3441} INFO - Setting next_dagrun for extrair_logs_airflow to None, run_after=None
[2023-11-25T13:04:12.072+0000] {processor.py:175} INFO - Processing /opt/airflow/dags/get_dags_inventary.py took 0.581 seconds
[2023-11-25T13:04:42.248+0000] {processor.py:153} INFO - Started process (PID=816) to work on /opt/airflow/dags/get_dags_inventary.py
[2023-11-25T13:04:42.249+0000] {processor.py:743} INFO - Processing file /opt/airflow/dags/get_dags_inventary.py for tasks to queue
[2023-11-25T13:04:42.250+0000] {logging_mixin.py:137} INFO - [2023-11-25T13:04:42.250+0000] {dagbag.py:538} INFO - Filling up the DagBag from /opt/airflow/dags/get_dags_inventary.py
[2023-11-25T13:04:42.568+0000] {processor.py:753} INFO - DAG(s) dict_keys(['extrair_logs_airflow']) retrieved from /opt/airflow/dags/get_dags_inventary.py
[2023-11-25T13:04:42.594+0000] {logging_mixin.py:137} INFO - [2023-11-25T13:04:42.593+0000] {dag.py:2690} INFO - Sync 1 DAGs
[2023-11-25T13:04:42.623+0000] {logging_mixin.py:137} INFO - [2023-11-25T13:04:42.623+0000] {dag.py:3441} INFO - Setting next_dagrun for extrair_logs_airflow to None, run_after=None
[2023-11-25T13:04:42.642+0000] {processor.py:175} INFO - Processing /opt/airflow/dags/get_dags_inventary.py took 0.397 seconds
[2023-11-25T13:05:12.767+0000] {processor.py:153} INFO - Started process (PID=842) to work on /opt/airflow/dags/get_dags_inventary.py
[2023-11-25T13:05:12.768+0000] {processor.py:743} INFO - Processing file /opt/airflow/dags/get_dags_inventary.py for tasks to queue
[2023-11-25T13:05:12.768+0000] {logging_mixin.py:137} INFO - [2023-11-25T13:05:12.768+0000] {dagbag.py:538} INFO - Filling up the DagBag from /opt/airflow/dags/get_dags_inventary.py
[2023-11-25T13:05:12.997+0000] {processor.py:753} INFO - DAG(s) dict_keys(['extrair_logs_airflow']) retrieved from /opt/airflow/dags/get_dags_inventary.py
[2023-11-25T13:05:13.015+0000] {logging_mixin.py:137} INFO - [2023-11-25T13:05:13.015+0000] {dag.py:2690} INFO - Sync 1 DAGs
[2023-11-25T13:05:13.046+0000] {logging_mixin.py:137} INFO - [2023-11-25T13:05:13.046+0000] {dag.py:3441} INFO - Setting next_dagrun for extrair_logs_airflow to None, run_after=None
[2023-11-25T13:05:13.062+0000] {processor.py:175} INFO - Processing /opt/airflow/dags/get_dags_inventary.py took 0.298 seconds
[2023-11-25T13:05:43.193+0000] {processor.py:153} INFO - Started process (PID=880) to work on /opt/airflow/dags/get_dags_inventary.py
[2023-11-25T13:05:43.193+0000] {processor.py:743} INFO - Processing file /opt/airflow/dags/get_dags_inventary.py for tasks to queue
[2023-11-25T13:05:43.194+0000] {logging_mixin.py:137} INFO - [2023-11-25T13:05:43.194+0000] {dagbag.py:538} INFO - Filling up the DagBag from /opt/airflow/dags/get_dags_inventary.py
[2023-11-25T13:05:43.432+0000] {processor.py:753} INFO - DAG(s) dict_keys(['extrair_logs_airflow']) retrieved from /opt/airflow/dags/get_dags_inventary.py
[2023-11-25T13:05:43.452+0000] {logging_mixin.py:137} INFO - [2023-11-25T13:05:43.451+0000] {dag.py:2690} INFO - Sync 1 DAGs
[2023-11-25T13:05:43.476+0000] {logging_mixin.py:137} INFO - [2023-11-25T13:05:43.476+0000] {dag.py:3441} INFO - Setting next_dagrun for extrair_logs_airflow to None, run_after=None
[2023-11-25T13:05:43.495+0000] {processor.py:175} INFO - Processing /opt/airflow/dags/get_dags_inventary.py took 0.305 seconds
[2023-11-25T13:06:13.627+0000] {processor.py:153} INFO - Started process (PID=906) to work on /opt/airflow/dags/get_dags_inventary.py
[2023-11-25T13:06:13.627+0000] {processor.py:743} INFO - Processing file /opt/airflow/dags/get_dags_inventary.py for tasks to queue
[2023-11-25T13:06:13.628+0000] {logging_mixin.py:137} INFO - [2023-11-25T13:06:13.628+0000] {dagbag.py:538} INFO - Filling up the DagBag from /opt/airflow/dags/get_dags_inventary.py
[2023-11-25T13:06:13.900+0000] {processor.py:753} INFO - DAG(s) dict_keys(['extrair_logs_airflow']) retrieved from /opt/airflow/dags/get_dags_inventary.py
[2023-11-25T13:06:14.002+0000] {logging_mixin.py:137} INFO - [2023-11-25T13:06:14.001+0000] {dag.py:2690} INFO - Sync 1 DAGs
[2023-11-25T13:06:14.034+0000] {logging_mixin.py:137} INFO - [2023-11-25T13:06:14.033+0000] {dag.py:3441} INFO - Setting next_dagrun for extrair_logs_airflow to None, run_after=None
[2023-11-25T13:06:14.066+0000] {processor.py:175} INFO - Processing /opt/airflow/dags/get_dags_inventary.py took 0.443 seconds
[2023-11-25T13:06:44.199+0000] {processor.py:153} INFO - Started process (PID=944) to work on /opt/airflow/dags/get_dags_inventary.py
[2023-11-25T13:06:44.200+0000] {processor.py:743} INFO - Processing file /opt/airflow/dags/get_dags_inventary.py for tasks to queue
[2023-11-25T13:06:44.201+0000] {logging_mixin.py:137} INFO - [2023-11-25T13:06:44.200+0000] {dagbag.py:538} INFO - Filling up the DagBag from /opt/airflow/dags/get_dags_inventary.py
[2023-11-25T13:06:44.447+0000] {processor.py:753} INFO - DAG(s) dict_keys(['extrair_logs_airflow']) retrieved from /opt/airflow/dags/get_dags_inventary.py
[2023-11-25T13:06:44.468+0000] {logging_mixin.py:137} INFO - [2023-11-25T13:06:44.467+0000] {dag.py:2690} INFO - Sync 1 DAGs
[2023-11-25T13:06:44.494+0000] {logging_mixin.py:137} INFO - [2023-11-25T13:06:44.494+0000] {dag.py:3441} INFO - Setting next_dagrun for extrair_logs_airflow to None, run_after=None
[2023-11-25T13:06:44.512+0000] {processor.py:175} INFO - Processing /opt/airflow/dags/get_dags_inventary.py took 0.316 seconds
[2023-11-25T13:07:14.639+0000] {processor.py:153} INFO - Started process (PID=970) to work on /opt/airflow/dags/get_dags_inventary.py
[2023-11-25T13:07:14.639+0000] {processor.py:743} INFO - Processing file /opt/airflow/dags/get_dags_inventary.py for tasks to queue
[2023-11-25T13:07:14.640+0000] {logging_mixin.py:137} INFO - [2023-11-25T13:07:14.640+0000] {dagbag.py:538} INFO - Filling up the DagBag from /opt/airflow/dags/get_dags_inventary.py
[2023-11-25T13:07:15.024+0000] {processor.py:753} INFO - DAG(s) dict_keys(['extrair_logs_airflow']) retrieved from /opt/airflow/dags/get_dags_inventary.py
[2023-11-25T13:07:15.050+0000] {logging_mixin.py:137} INFO - [2023-11-25T13:07:15.050+0000] {dag.py:2690} INFO - Sync 1 DAGs
[2023-11-25T13:07:15.092+0000] {logging_mixin.py:137} INFO - [2023-11-25T13:07:15.092+0000] {dag.py:3441} INFO - Setting next_dagrun for extrair_logs_airflow to None, run_after=None
[2023-11-25T13:07:15.119+0000] {processor.py:175} INFO - Processing /opt/airflow/dags/get_dags_inventary.py took 0.485 seconds
[2023-11-25T13:07:45.264+0000] {processor.py:153} INFO - Started process (PID=1005) to work on /opt/airflow/dags/get_dags_inventary.py
[2023-11-25T13:07:45.265+0000] {processor.py:743} INFO - Processing file /opt/airflow/dags/get_dags_inventary.py for tasks to queue
[2023-11-25T13:07:45.266+0000] {logging_mixin.py:137} INFO - [2023-11-25T13:07:45.266+0000] {dagbag.py:538} INFO - Filling up the DagBag from /opt/airflow/dags/get_dags_inventary.py
[2023-11-25T13:07:45.689+0000] {processor.py:753} INFO - DAG(s) dict_keys(['extrair_logs_airflow']) retrieved from /opt/airflow/dags/get_dags_inventary.py
[2023-11-25T13:07:45.712+0000] {logging_mixin.py:137} INFO - [2023-11-25T13:07:45.712+0000] {dag.py:2690} INFO - Sync 1 DAGs
[2023-11-25T13:07:45.739+0000] {logging_mixin.py:137} INFO - [2023-11-25T13:07:45.739+0000] {dag.py:3441} INFO - Setting next_dagrun for extrair_logs_airflow to None, run_after=None
[2023-11-25T13:07:45.757+0000] {processor.py:175} INFO - Processing /opt/airflow/dags/get_dags_inventary.py took 0.500 seconds
[2023-11-25T13:08:15.957+0000] {processor.py:153} INFO - Started process (PID=1034) to work on /opt/airflow/dags/get_dags_inventary.py
[2023-11-25T13:08:15.958+0000] {processor.py:743} INFO - Processing file /opt/airflow/dags/get_dags_inventary.py for tasks to queue
[2023-11-25T13:08:15.958+0000] {logging_mixin.py:137} INFO - [2023-11-25T13:08:15.958+0000] {dagbag.py:538} INFO - Filling up the DagBag from /opt/airflow/dags/get_dags_inventary.py
[2023-11-25T13:08:16.296+0000] {processor.py:753} INFO - DAG(s) dict_keys(['extrair_logs_airflow']) retrieved from /opt/airflow/dags/get_dags_inventary.py
[2023-11-25T13:08:16.319+0000] {logging_mixin.py:137} INFO - [2023-11-25T13:08:16.318+0000] {dag.py:2690} INFO - Sync 1 DAGs
[2023-11-25T13:08:16.349+0000] {logging_mixin.py:137} INFO - [2023-11-25T13:08:16.349+0000] {dag.py:3441} INFO - Setting next_dagrun for extrair_logs_airflow to None, run_after=None
[2023-11-25T13:08:16.372+0000] {processor.py:175} INFO - Processing /opt/airflow/dags/get_dags_inventary.py took 0.418 seconds
[2023-11-25T13:08:46.501+0000] {processor.py:153} INFO - Started process (PID=1060) to work on /opt/airflow/dags/get_dags_inventary.py
[2023-11-25T13:08:46.502+0000] {processor.py:743} INFO - Processing file /opt/airflow/dags/get_dags_inventary.py for tasks to queue
[2023-11-25T13:08:46.503+0000] {logging_mixin.py:137} INFO - [2023-11-25T13:08:46.503+0000] {dagbag.py:538} INFO - Filling up the DagBag from /opt/airflow/dags/get_dags_inventary.py
[2023-11-25T13:08:46.729+0000] {processor.py:753} INFO - DAG(s) dict_keys(['extrair_logs_airflow']) retrieved from /opt/airflow/dags/get_dags_inventary.py
[2023-11-25T13:08:46.748+0000] {logging_mixin.py:137} INFO - [2023-11-25T13:08:46.748+0000] {dag.py:2690} INFO - Sync 1 DAGs
[2023-11-25T13:08:46.771+0000] {logging_mixin.py:137} INFO - [2023-11-25T13:08:46.771+0000] {dag.py:3441} INFO - Setting next_dagrun for extrair_logs_airflow to None, run_after=None
[2023-11-25T13:08:46.788+0000] {processor.py:175} INFO - Processing /opt/airflow/dags/get_dags_inventary.py took 0.290 seconds
[2023-11-25T13:09:16.909+0000] {processor.py:153} INFO - Started process (PID=1098) to work on /opt/airflow/dags/get_dags_inventary.py
[2023-11-25T13:09:16.910+0000] {processor.py:743} INFO - Processing file /opt/airflow/dags/get_dags_inventary.py for tasks to queue
[2023-11-25T13:09:16.911+0000] {logging_mixin.py:137} INFO - [2023-11-25T13:09:16.911+0000] {dagbag.py:538} INFO - Filling up the DagBag from /opt/airflow/dags/get_dags_inventary.py
[2023-11-25T13:09:17.300+0000] {processor.py:753} INFO - DAG(s) dict_keys(['extrair_logs_airflow']) retrieved from /opt/airflow/dags/get_dags_inventary.py
[2023-11-25T13:09:17.328+0000] {logging_mixin.py:137} INFO - [2023-11-25T13:09:17.327+0000] {dag.py:2690} INFO - Sync 1 DAGs
[2023-11-25T13:09:17.367+0000] {logging_mixin.py:137} INFO - [2023-11-25T13:09:17.367+0000] {dag.py:3441} INFO - Setting next_dagrun for extrair_logs_airflow to None, run_after=None
[2023-11-25T13:09:17.405+0000] {processor.py:175} INFO - Processing /opt/airflow/dags/get_dags_inventary.py took 0.499 seconds
