[2023-11-25T15:54:31.184+0000] {taskinstance.py:1083} INFO - Dependencies all met for <TaskInstance: extrair_logs_airflow.save_to_csv_task manual__2023-11-25T15:54:22.417717+00:00 [queued]>
[2023-11-25T15:54:31.196+0000] {taskinstance.py:1083} INFO - Dependencies all met for <TaskInstance: extrair_logs_airflow.save_to_csv_task manual__2023-11-25T15:54:22.417717+00:00 [queued]>
[2023-11-25T15:54:31.196+0000] {taskinstance.py:1279} INFO - 
--------------------------------------------------------------------------------
[2023-11-25T15:54:31.196+0000] {taskinstance.py:1280} INFO - Starting attempt 1 of 2
[2023-11-25T15:54:31.196+0000] {taskinstance.py:1281} INFO - 
--------------------------------------------------------------------------------
[2023-11-25T15:54:31.218+0000] {taskinstance.py:1300} INFO - Executing <Task(PythonOperator): save_to_csv_task> on 2023-11-25 15:54:22.417717+00:00
[2023-11-25T15:54:31.225+0000] {standard_task_runner.py:55} INFO - Started process 674 to run task
[2023-11-25T15:54:31.230+0000] {standard_task_runner.py:82} INFO - Running: ['***', 'tasks', 'run', 'extrair_logs_***', 'save_to_csv_task', 'manual__2023-11-25T15:54:22.417717+00:00', '--job-id', '62', '--raw', '--subdir', 'DAGS_FOLDER/get_logs_inventary.py', '--cfg-path', '/tmp/tmpsc7wp2j9']
[2023-11-25T15:54:31.232+0000] {standard_task_runner.py:83} INFO - Job 62: Subtask save_to_csv_task
[2023-11-25T15:54:31.305+0000] {task_command.py:388} INFO - Running <TaskInstance: extrair_logs_airflow.save_to_csv_task manual__2023-11-25T15:54:22.417717+00:00 [running]> on host fb700c4c4032
[2023-11-25T15:54:34.916+0000] {taskinstance.py:1509} INFO - Exporting the following env vars:
AIRFLOW_CTX_DAG_OWNER=***
AIRFLOW_CTX_DAG_ID=extrair_logs_***
AIRFLOW_CTX_TASK_ID=save_to_csv_task
AIRFLOW_CTX_EXECUTION_DATE=2023-11-25T15:54:22.417717+00:00
AIRFLOW_CTX_TRY_NUMBER=1
AIRFLOW_CTX_DAG_RUN_ID=manual__2023-11-25T15:54:22.417717+00:00
[2023-11-25T15:54:35.102+0000] {python.py:177} INFO - Done. Returned value was: None
[2023-11-25T15:54:35.116+0000] {taskinstance.py:1323} INFO - Marking task as SUCCESS. dag_id=extrair_logs_***, task_id=save_to_csv_task, execution_date=20231125T155422, start_date=20231125T155431, end_date=20231125T155435
[2023-11-25T15:54:35.177+0000] {local_task_job.py:208} INFO - Task exited with return code 0
[2023-11-25T15:54:35.197+0000] {taskinstance.py:2578} INFO - 0 downstream tasks scheduled from follow-on schedule check
